<?xml version="1.0" encoding="UTF-8"?>
<!-- Generated by org.testng.reporters.JUnitXMLReporter -->
<testsuite ignored="0" hostname="DESKTOP-MM72A1T" failures="0" tests="13" name="Default test" time="385.634" errors="0" timestamp="2021-09-25T19:33:21 IST">
  <testcase classname="com.UrbanLadderProject.runner.HomePageRunner" name="Subskribe" time="25.126"/>
  <testcase classname="com.UrbanLadderProject.runner.HomePageRunner" name="Subskribe" time="21.003"/>
  <testcase classname="com.UrbanLadderProject.runner.HomePageRunner" name="Subskribe" time="20.411"/>
  <testcase classname="com.UrbanLadderProject.runner.HomePageRunner" name="ShoeRackProps" time="24.766"/>
  <testcase classname="com.UrbanLadderProject.runner.HomePageRunner" name="ClickingCheckBoxes" time="31.153"/>
  <testcase classname="com.UrbanLadderProject.runner.HomePageRunner" name="YouTubeViewsCount" time="35.653"/>
  <testcase classname="com.UrbanLadderProject.runner.HomePageRunner" name="GiftCards" time="27.497"/>
  <testcase classname="com.UrbanLadderProject.runner.HomePageRunner" name="CountOfItem" time="31.413"/>
  <testcase classname="com.UrbanLadderProject.runner.HomePageRunner" name="ChatBox" time="31.361"/>
  <testcase classname="com.UrbanLadderProject.runner.HomePageRunner" name="CheckOut" time="40.859"/>
  <testcase classname="com.UrbanLadderProject.runner.HomePageRunner" name="OrderCheck" time="25.683"/>
  <testcase classname="com.UrbanLadderProject.runner.HomePageRunner" name="OrderCheck" time="25.666"/>
  <testcase classname="com.UrbanLadderProject.runner.HomePageRunner" name="Warranty" time="25.866"/>
</testsuite> <!-- Default test -->
