<?xml version="1.0" encoding="UTF-8"?>
<!-- Generated by org.testng.reporters.JUnitXMLReporter -->
<testsuite ignored="0" hostname="DESKTOP-MM72A1T" failures="0" tests="13" name="Test" time="397.886" errors="0" timestamp="2021-09-25T19:22:53 IST">
  <testcase classname="com.UrbanLadderProject.runner.HomePageRunner" name="Subskribe" time="22.586"/>
  <testcase classname="com.UrbanLadderProject.runner.HomePageRunner" name="Subskribe" time="20.425"/>
  <testcase classname="com.UrbanLadderProject.runner.HomePageRunner" name="Subskribe" time="21.266"/>
  <testcase classname="com.UrbanLadderProject.runner.HomePageRunner" name="ShoeRackProps" time="26.045"/>
  <testcase classname="com.UrbanLadderProject.runner.HomePageRunner" name="ClickingCheckBoxes" time="30.546"/>
  <testcase classname="com.UrbanLadderProject.runner.HomePageRunner" name="YouTubeViewsCount" time="34.227"/>
  <testcase classname="com.UrbanLadderProject.runner.HomePageRunner" name="GiftCards" time="28.528"/>
  <testcase classname="com.UrbanLadderProject.runner.HomePageRunner" name="CountOfItem" time="30.672"/>
  <testcase classname="com.UrbanLadderProject.runner.HomePageRunner" name="ChatBox" time="32.022"/>
  <testcase classname="com.UrbanLadderProject.runner.HomePageRunner" name="CheckOut" time="41.883"/>
  <testcase classname="com.UrbanLadderProject.runner.HomePageRunner" name="OrderCheck" time="25.772"/>
  <testcase classname="com.UrbanLadderProject.runner.HomePageRunner" name="OrderCheck" time="24.591"/>
  <testcase classname="com.UrbanLadderProject.runner.HomePageRunner" name="Warranty" time="25.049"/>
</testsuite> <!-- Test -->
