<?xml version="1.0" encoding="UTF-8"?>
<testng-results ignored="0" total="13" passed="13" failed="0" skipped="0">
  <reporter-output>
  </reporter-output>
  <suite started-at="2021-09-25T19:26:56 IST" name="Default suite" finished-at="2021-09-25T19:33:21 IST" duration-ms="385634">
    <groups>
    </groups>
    <test started-at="2021-09-25T19:26:56 IST" name="Default test" finished-at="2021-09-25T19:33:21 IST" duration-ms="385634">
      <class name="com.UrbanLadderProject.runner.HomePageRunner">
        <test-method signature="Subskribe(java.lang.String)[pri:0, instance:com.UrbanLadderProject.runner.HomePageRunner@4803b726]" started-at="2021-09-25T19:26:58 IST" name="Subskribe" data-provider="getData" finished-at="2021-09-25T19:27:23 IST" duration-ms="25126" status="PASS">
          <params>
            <param index="0">
              <value>
                <![CDATA[adsf]]>
              </value>
            </param>
          </params>
          <reporter-output>
          </reporter-output>
        </test-method> <!-- Subskribe -->
        <test-method is-config="true" signature="DriverClose()[pri:0, instance:com.UrbanLadderProject.runner.HomePageRunner@4803b726]" started-at="2021-09-25T19:27:23 IST" name="DriverClose" finished-at="2021-09-25T19:27:24 IST" duration-ms="1297" status="PASS">
          <reporter-output>
          </reporter-output>
        </test-method> <!-- DriverClose -->
        <test-method signature="Subskribe(java.lang.String)[pri:0, instance:com.UrbanLadderProject.runner.HomePageRunner@4803b726]" started-at="2021-09-25T19:27:24 IST" name="Subskribe" data-provider="getData" finished-at="2021-09-25T19:27:45 IST" duration-ms="21003" status="PASS">
          <params>
            <param index="0">
              <value>
                <![CDATA[hdg]]>
              </value>
            </param>
          </params>
          <reporter-output>
          </reporter-output>
        </test-method> <!-- Subskribe -->
        <test-method is-config="true" signature="DriverClose()[pri:0, instance:com.UrbanLadderProject.runner.HomePageRunner@4803b726]" started-at="2021-09-25T19:27:45 IST" name="DriverClose" finished-at="2021-09-25T19:27:46 IST" duration-ms="1255" status="PASS">
          <reporter-output>
          </reporter-output>
        </test-method> <!-- DriverClose -->
        <test-method signature="Subskribe(java.lang.String)[pri:0, instance:com.UrbanLadderProject.runner.HomePageRunner@4803b726]" started-at="2021-09-25T19:27:46 IST" name="Subskribe" data-provider="getData" finished-at="2021-09-25T19:28:07 IST" duration-ms="20411" status="PASS">
          <params>
            <param index="0">
              <value>
                <![CDATA[abcd@gmail.com]]>
              </value>
            </param>
          </params>
          <reporter-output>
          </reporter-output>
        </test-method> <!-- Subskribe -->
        <test-method is-config="true" signature="DriverClose()[pri:0, instance:com.UrbanLadderProject.runner.HomePageRunner@4803b726]" started-at="2021-09-25T19:28:07 IST" name="DriverClose" finished-at="2021-09-25T19:28:08 IST" duration-ms="1166" status="PASS">
          <reporter-output>
          </reporter-output>
        </test-method> <!-- DriverClose -->
        <test-method signature="ShoeRackProps()[pri:1, instance:com.UrbanLadderProject.runner.HomePageRunner@4803b726]" started-at="2021-09-25T19:28:08 IST" name="ShoeRackProps" finished-at="2021-09-25T19:28:33 IST" duration-ms="24766" status="PASS">
          <reporter-output>
          </reporter-output>
        </test-method> <!-- ShoeRackProps -->
        <test-method is-config="true" signature="DriverClose()[pri:0, instance:com.UrbanLadderProject.runner.HomePageRunner@4803b726]" started-at="2021-09-25T19:28:33 IST" name="DriverClose" finished-at="2021-09-25T19:28:35 IST" duration-ms="1875" status="PASS">
          <reporter-output>
          </reporter-output>
        </test-method> <!-- DriverClose -->
        <test-method signature="ClickingCheckBoxes()[pri:2, instance:com.UrbanLadderProject.runner.HomePageRunner@4803b726]" started-at="2021-09-25T19:28:35 IST" name="ClickingCheckBoxes" finished-at="2021-09-25T19:29:06 IST" duration-ms="31153" status="PASS">
          <reporter-output>
          </reporter-output>
        </test-method> <!-- ClickingCheckBoxes -->
        <test-method is-config="true" signature="DriverClose()[pri:0, instance:com.UrbanLadderProject.runner.HomePageRunner@4803b726]" started-at="2021-09-25T19:29:06 IST" name="DriverClose" finished-at="2021-09-25T19:29:07 IST" duration-ms="1110" status="PASS">
          <reporter-output>
          </reporter-output>
        </test-method> <!-- DriverClose -->
        <test-method signature="YouTubeViewsCount()[pri:3, instance:com.UrbanLadderProject.runner.HomePageRunner@4803b726]" started-at="2021-09-25T19:29:07 IST" name="YouTubeViewsCount" finished-at="2021-09-25T19:29:43 IST" duration-ms="35653" status="PASS">
          <reporter-output>
          </reporter-output>
        </test-method> <!-- YouTubeViewsCount -->
        <test-method is-config="true" signature="DriverClose()[pri:0, instance:com.UrbanLadderProject.runner.HomePageRunner@4803b726]" started-at="2021-09-25T19:29:43 IST" name="DriverClose" finished-at="2021-09-25T19:29:44 IST" duration-ms="1252" status="PASS">
          <reporter-output>
          </reporter-output>
        </test-method> <!-- DriverClose -->
        <test-method signature="GiftCards()[pri:4, instance:com.UrbanLadderProject.runner.HomePageRunner@4803b726]" started-at="2021-09-25T19:29:44 IST" name="GiftCards" finished-at="2021-09-25T19:30:11 IST" duration-ms="27497" status="PASS">
          <reporter-output>
          </reporter-output>
        </test-method> <!-- GiftCards -->
        <test-method is-config="true" signature="DriverClose()[pri:0, instance:com.UrbanLadderProject.runner.HomePageRunner@4803b726]" started-at="2021-09-25T19:30:11 IST" name="DriverClose" finished-at="2021-09-25T19:30:13 IST" duration-ms="1144" status="PASS">
          <reporter-output>
          </reporter-output>
        </test-method> <!-- DriverClose -->
        <test-method signature="CountOfItem()[pri:5, instance:com.UrbanLadderProject.runner.HomePageRunner@4803b726]" started-at="2021-09-25T19:30:13 IST" name="CountOfItem" finished-at="2021-09-25T19:30:44 IST" duration-ms="31413" status="PASS">
          <reporter-output>
          </reporter-output>
        </test-method> <!-- CountOfItem -->
        <test-method is-config="true" signature="DriverClose()[pri:0, instance:com.UrbanLadderProject.runner.HomePageRunner@4803b726]" started-at="2021-09-25T19:30:44 IST" name="DriverClose" finished-at="2021-09-25T19:30:46 IST" duration-ms="1595" status="PASS">
          <reporter-output>
          </reporter-output>
        </test-method> <!-- DriverClose -->
        <test-method signature="ChatBox()[pri:6, instance:com.UrbanLadderProject.runner.HomePageRunner@4803b726]" started-at="2021-09-25T19:30:46 IST" name="ChatBox" finished-at="2021-09-25T19:31:17 IST" duration-ms="31361" status="PASS">
          <reporter-output>
          </reporter-output>
        </test-method> <!-- ChatBox -->
        <test-method is-config="true" signature="DriverClose()[pri:0, instance:com.UrbanLadderProject.runner.HomePageRunner@4803b726]" started-at="2021-09-25T19:31:17 IST" name="DriverClose" finished-at="2021-09-25T19:31:18 IST" duration-ms="1026" status="PASS">
          <reporter-output>
          </reporter-output>
        </test-method> <!-- DriverClose -->
        <test-method signature="CheckOut()[pri:7, instance:com.UrbanLadderProject.runner.HomePageRunner@4803b726]" started-at="2021-09-25T19:31:18 IST" name="CheckOut" finished-at="2021-09-25T19:31:59 IST" duration-ms="40859" status="PASS">
          <reporter-output>
          </reporter-output>
        </test-method> <!-- CheckOut -->
        <test-method is-config="true" signature="DriverClose()[pri:0, instance:com.UrbanLadderProject.runner.HomePageRunner@4803b726]" started-at="2021-09-25T19:31:59 IST" name="DriverClose" finished-at="2021-09-25T19:32:00 IST" duration-ms="1407" status="PASS">
          <reporter-output>
          </reporter-output>
        </test-method> <!-- DriverClose -->
        <test-method signature="OrderCheck(java.lang.String,java.lang.String)[pri:8, instance:com.UrbanLadderProject.runner.HomePageRunner@4803b726]" started-at="2021-09-25T19:32:00 IST" name="OrderCheck" data-provider="GetData" finished-at="2021-09-25T19:32:26 IST" duration-ms="25683" status="PASS">
          <params>
            <param index="0">
              <value>
                <![CDATA[U1]]>
              </value>
            </param>
            <param index="1">
              <value>
                <![CDATA[P1]]>
              </value>
            </param>
          </params>
          <reporter-output>
          </reporter-output>
        </test-method> <!-- OrderCheck -->
        <test-method is-config="true" signature="DriverClose()[pri:0, instance:com.UrbanLadderProject.runner.HomePageRunner@4803b726]" started-at="2021-09-25T19:32:26 IST" name="DriverClose" finished-at="2021-09-25T19:32:27 IST" duration-ms="1203" status="PASS">
          <reporter-output>
          </reporter-output>
        </test-method> <!-- DriverClose -->
        <test-method signature="OrderCheck(java.lang.String,java.lang.String)[pri:8, instance:com.UrbanLadderProject.runner.HomePageRunner@4803b726]" started-at="2021-09-25T19:32:27 IST" name="OrderCheck" data-provider="GetData" finished-at="2021-09-25T19:32:53 IST" duration-ms="25666" status="PASS">
          <params>
            <param index="0">
              <value>
                <![CDATA[U2]]>
              </value>
            </param>
            <param index="1">
              <value>
                <![CDATA[P2]]>
              </value>
            </param>
          </params>
          <reporter-output>
          </reporter-output>
        </test-method> <!-- OrderCheck -->
        <test-method is-config="true" signature="DriverClose()[pri:0, instance:com.UrbanLadderProject.runner.HomePageRunner@4803b726]" started-at="2021-09-25T19:32:53 IST" name="DriverClose" finished-at="2021-09-25T19:32:54 IST" duration-ms="1158" status="PASS">
          <reporter-output>
          </reporter-output>
        </test-method> <!-- DriverClose -->
        <test-method signature="Warranty()[pri:9, instance:com.UrbanLadderProject.runner.HomePageRunner@4803b726]" started-at="2021-09-25T19:32:54 IST" name="Warranty" finished-at="2021-09-25T19:33:20 IST" duration-ms="25866" status="PASS">
          <reporter-output>
          </reporter-output>
        </test-method> <!-- Warranty -->
        <test-method is-config="true" signature="DriverClose()[pri:0, instance:com.UrbanLadderProject.runner.HomePageRunner@4803b726]" started-at="2021-09-25T19:33:20 IST" name="DriverClose" finished-at="2021-09-25T19:33:21 IST" duration-ms="1485" status="PASS">
          <reporter-output>
          </reporter-output>
        </test-method> <!-- DriverClose -->
      </class> <!-- com.UrbanLadderProject.runner.HomePageRunner -->
    </test> <!-- Default test -->
  </suite> <!-- Default suite -->
</testng-results>
